<?xml version="1.0" encoding="UTF-8"?>
<!-- Generated by org.testng.reporters.JUnitReportReporter -->
<testsuite hostname="TYSS-Sumanth-Chinivar" failures="0" tests="1" name="ClickOnShoppingCartLinkTest" time="2.934" errors="0" timestamp="2024-03-13T01:02:11 IST" skipped="0">
  <testcase classname="ClickOnShoppingCartLinkTest" name="clickOnShoppingCartLink" time="2.934">
    <system-out>
      <![CDATA[Login successful
Shopping cart page is opened]]>
    </system-out>
  </testcase> <!-- clickOnShoppingCartLink -->
  <system-out>
    <![CDATA[Browser is launched
Browser is launched
Login successful
Shopping cart page is opened
Browser is launched
Login successful
User entered correct email into email text field
Subscribed to newsletter
Browser is launched
Products page is displayed
User entered correct recipient name
User entered correct recipient email
User added a product to wish list button]]>
  </system-out>
</testsuite> <!-- ClickOnShoppingCartLinkTest -->
