<?xml version="1.0" encoding="UTF-8"?>
<!-- Generated by org.testng.reporters.JUnitReportReporter -->
<testsuite hostname="TYSS-Sumanth-Chinivar" failures="0" tests="1" name="TestAddToWishList" time="6.479" errors="0" timestamp="2024-03-13T01:05:42 IST" skipped="0">
  <testcase classname="TestAddToWishList" name="addToWishList" time="6.479">
    <system-out>
      <![CDATA[Products page is displayed
User entered correct recipient name
User entered correct recipient email
User added a product to wish list button]]>
    </system-out>
  </testcase> <!-- addToWishList -->
  <system-out>
    <![CDATA[Browser is launched
Products page is displayed
User entered correct recipient name
User entered correct recipient email
User added a product to wish list button]]>
  </system-out>
</testsuite> <!-- TestAddToWishList -->
