<?xml version="1.0" encoding="UTF-8"?>
<!-- Generated by org.testng.reporters.JUnitReportReporter -->
<testsuite hostname="TYSS-Sumanth-Chinivar" failures="0" tests="1" name="AddToWishList" time="6.538" errors="0" timestamp="2024-03-12T23:55:56 IST" skipped="0">
  <testcase classname="AddToWishList" name="addToWishList" time="6.538">
    <system-out>
      <![CDATA[Products page is displayed
User entered correct recipient name
User entered correct recipient email
User added a product to wish list button]]>
    </system-out>
  </testcase> <!-- addToWishList -->
  <system-out>
    <![CDATA[Browser is launched
Products page is displayed
User entered correct recipient name
User entered correct recipient email
User added a product to wish list button]]>
  </system-out>
</testsuite> <!-- AddToWishList -->
