<?xml version="1.0" encoding="UTF-8"?>
<!-- Generated by org.testng.reporters.JUnitReportReporter -->
<testsuite hostname="TYSS-Sumanth-Chinivar" failures="0" tests="1" name="ClickOnShoppingCartLink" time="3.244" errors="0" timestamp="2024-03-11T23:54:34 IST" skipped="0">
  <testcase classname="ClickOnShoppingCartLink" name="clickOnShoppingCartLink" time="3.244">
    <system-out>
      <![CDATA[Login successful
Shopping cart page is opened]]>
    </system-out>
  </testcase> <!-- clickOnShoppingCartLink -->
  <system-out>
    <![CDATA[Browser is launched
Login successful
Shopping cart page is opened]]>
  </system-out>
</testsuite> <!-- ClickOnShoppingCartLink -->
