<?xml version="1.0" encoding="UTF-8"?>
<!-- Generated by org.testng.reporters.JUnitReportReporter -->
<testsuite hostname="TYSS-Sumanth-Chinivar" failures="0" tests="1" name="SubscribeToNewsLetter" time="2.809" errors="0" timestamp="2024-03-11T23:54:12 IST" skipped="0">
  <testcase classname="SubscribeToNewsLetter" name="subscribe" time="2.809">
    <system-out>
      <![CDATA[Login successful
User entered correct email into email text field
Subscribed to newsletter]]>
    </system-out>
  </testcase> <!-- subscribe -->
  <system-out>
    <![CDATA[Browser is launched
Login successful
User entered correct email into email text field
Subscribed to newsletter]]>
  </system-out>
</testsuite> <!-- SubscribeToNewsLetter -->
