<?xml version="1.0" encoding="UTF-8"?>
<!-- Generated by org.testng.reporters.JUnitReportReporter -->
<testsuite hostname="TYSS-Sumanth-Chinivar" failures="0" tests="1" name="AddProductToCart" time="5.274" errors="0" timestamp="2024-03-12T23:54:29 IST" skipped="0">
  <testcase classname="AddProductToCart" name="addProductToCart" time="5.274"/>
  <system-out>
    <![CDATA[Browser is launched]]>
  </system-out>
</testsuite> <!-- AddProductToCart -->
